# JRE version: OpenJDK Runtime Environment Temurin-21.0.8+9 (21.0.8+9) (build 21.0.8+9-LTS)
# Java VM: OpenJDK 64-Bit Server VM Temurin-21.0.8+9 (21.0.8+9-LTS, mixed mode, sharing, tiered, compressed oops, compressed class ptrs, parallel gc, windows-amd64)
GC Precious Log:
 CardTable entry size: 512
 CPUs: 12 total, 12 available
 Memory: 16087M
 Large Page Support: Disabled
 NUMA Support: Disabled
 Compressed Oops: Enabled (32-bit)
 Alignments: Space 512K, Generation 512K, Heap 2M
 Heap Min Capacity: 100M
 Heap Initial Capacity: 100M
 Heap Max Capacity: 2G
 Pre-touch: Disabled
 Parallel Workers: 10
Heap:
 PSYoungGen      total 7680K, used 7677K [0x00000000d5580000, 0x00000000d5e00000, 0x0000000100000000)
  eden space 7168K, 100% used [0x00000000d5580000,0x00000000d5c80000,0x00000000d5c80000)
  from space 512K, 99% used [0x00000000d5d80000,0x00000000d5dff698,0x00000000d5e00000)
  to   space 512K, 97% used [0x00000000d5d00000,0x00000000d5d7caf0,0x00000000d5d80000)
 ParOldGen       total 387584K, used 387574K [0x0000000080000000, 0x0000000097a80000, 0x00000000d5580000)
  object space 387584K, 99% used [0x0000000080000000,0x0000000097a7daa0,0x0000000097a80000)
 Metaspace       used 61235K, committed 62656K, reserved 1114112K
  class space    used 6508K, committed 7168K, reserved 1048576K
GC Heap History (20 events):
Event: 22.736 GC heap before
{Heap before GC invocations=520 (full 4):
 PSYoungGen      total 7168K, used 6656K [0x00000000d5580000, 0x00000000d5d80000, 0x0000000100000000)
  eden space 6144K, 100% used [0x00000000d5580000,0x00000000d5b80000,0x00000000d5b80000)
  from space 1024K, 50% used [0x00000000d5c80000,0x00000000d5d00000,0x00000000d5d80000)
  to   space 1024K, 0% used [0x00000000d5b80000,0x00000000d5b80000,0x00000000d5c80000)
 ParOldGen       total 377344K, used 377151K [0x0000000080000000, 0x0000000097080000, 0x00000000d5580000)
  object space 377344K, 99% used [0x0000000080000000,0x000000009704ff48,0x0000000097080000)
 Metaspace       used 61225K, committed 62656K, reserved 1114112K
  class space    used 6508K, committed 7168K, reserved 1048576K
}
Event: 22.737 GC heap after
{Heap after GC invocations=520 (full 4):
 PSYoungGen      total 7168K, used 635K [0x00000000d5580000, 0x00000000d5d80000, 0x0000000100000000)
  eden space 6144K, 0% used [0x00000000d5580000,0x00000000d5580000,0x00000000d5b80000)
  from space 1024K, 62% used [0x00000000d5b80000,0x00000000d5c1ec08,0x00000000d5c80000)
  to   space 1024K, 0% used [0x00000000d5c80000,0x00000000d5c80000,0x00000000d5d80000)
 ParOldGen       total 377856K, used 377434K [0x0000000080000000, 0x0000000097100000, 0x00000000d5580000)
  object space 377856K, 99% used [0x0000000080000000,0x0000000097096a10,0x0000000097100000)
 Metaspace       used 61225K, committed 62656K, reserved 1114112K
  class space    used 6508K, committed 7168K, reserved 1048576K
}
Event: 22.756 GC heap before
{Heap before GC invocations=521 (full 4):
 PSYoungGen      total 7168K, used 6779K [0x00000000d5580000, 0x00000000d5d80000, 0x0000000100000000)
  eden space 6144K, 100% used [0x00000000d5580000,0x00000000d5b80000,0x00000000d5b80000)
  from space 1024K, 62% used [0x00000000d5b80000,0x00000000d5c1ec08,0x00000000d5c80000)
  to   space 1024K, 0% used [0x00000000d5c80000,0x00000000d5c80000,0x00000000d5d80000)
 ParOldGen       total 377856K, used 377434K [0x0000000080000000, 0x0000000097100000, 0x00000000d5580000)
  object space 377856K, 99% used [0x0000000080000000,0x0000000097096a10,0x0000000097100000)
 Metaspace       used 61230K, committed 62656K, reserved 1114112K
  class space    used 6508K, committed 7168K, reserved 1048576K
}
Event: 22.757 GC heap after
{Heap after GC invocations=521 (full 4):
 PSYoungGen      total 7168K, used 710K [0x00000000d5580000, 0x00000000d5d80000, 0x0000000100000000)
  eden space 6144K, 0% used [0x00000000d5580000,0x00000000d5580000,0x00000000d5b80000)
  from space 1024K, 69% used [0x00000000d5c80000,0x00000000d5d31850,0x00000000d5d80000)
  to   space 1024K, 0% used [0x00000000d5b80000,0x00000000d5b80000,0x00000000d5c80000)
 ParOldGen       total 378368K, used 378005K [0x0000000080000000, 0x0000000097180000, 0x00000000d5580000)
  object space 378368K, 99% used [0x0000000080000000,0x0000000097125618,0x0000000097180000)
 Metaspace       used 61230K, committed 62656K, reserved 1114112K
  class space    used 6508K, committed 7168K, reserved 1048576K
}
Event: 22.772 GC heap before
{Heap before GC invocations=522 (full 4):
 PSYoungGen      total 7168K, used 6848K [0x00000000d5580000, 0x00000000d5d80000, 0x0000000100000000)
  eden space 6144K, 99% used [0x00000000d5580000,0x00000000d5b7eb00,0x00000000d5b80000)
  from space 1024K, 69% used [0x00000000d5c80000,0x00000000d5d31850,0x00000000d5d80000)
  to   space 1024K, 0% used [0x00000000d5b80000,0x00000000d5b80000,0x00000000d5c80000)
 ParOldGen       total 378368K, used 378005K [0x0000000080000000, 0x0000000097180000, 0x00000000d5580000)
  object space 378368K, 99% used [0x0000000080000000,0x0000000097125618,0x0000000097180000)
 Metaspace       used 61231K, committed 62656K, reserved 1114112K
  class space    used 6508K, committed 7168K, reserved 1048576K
}
Event: 22.773 GC heap after
{Heap after GC invocations=522 (full 4):
 PSYoungGen      total 7168K, used 825K [0x00000000d5580000, 0x00000000d5d80000, 0x0000000100000000)
  eden space 6144K, 0% used [0x00000000d5580000,0x00000000d5580000,0x00000000d5b80000)
  from space 1024K, 80% used [0x00000000d5b80000,0x00000000d5c4e4b0,0x00000000d5c80000)
  to   space 1024K, 0% used [0x00000000d5c80000,0x00000000d5c80000,0x00000000d5d80000)
 ParOldGen       total 378880K, used 378553K [0x0000000080000000, 0x0000000097200000, 0x00000000d5580000)
  object space 378880K, 99% used [0x0000000080000000,0x00000000971ae6b0,0x0000000097200000)
 Metaspace       used 61231K, committed 62656K, reserved 1114112K
  class space    used 6508K, committed 7168K, reserved 1048576K
}
Event: 22.787 GC heap before
{Heap before GC invocations=523 (full 4):
 PSYoungGen      total 7168K, used 6969K [0x00000000d5580000, 0x00000000d5d80000, 0x0000000100000000)
  eden space 6144K, 100% used [0x00000000d5580000,0x00000000d5b80000,0x00000000d5b80000)
  from space 1024K, 80% used [0x00000000d5b80000,0x00000000d5c4e4b0,0x00000000d5c80000)
  to   space 1024K, 0% used [0x00000000d5c80000,0x00000000d5c80000,0x00000000d5d80000)
 ParOldGen       total 378880K, used 378553K [0x0000000080000000, 0x0000000097200000, 0x00000000d5580000)
  object space 378880K, 99% used [0x0000000080000000,0x00000000971ae6b0,0x0000000097200000)
 Metaspace       used 61231K, committed 62656K, reserved 1114112K
  class space    used 6508K, committed 7168K, reserved 1048576K
}
Event: 22.788 GC heap after
{Heap after GC invocations=523 (full 4):
 PSYoungGen      total 7168K, used 656K [0x00000000d5580000, 0x00000000d5d80000, 0x0000000100000000)
  eden space 6144K, 0% used [0x00000000d5580000,0x00000000d5580000,0x00000000d5b80000)
  from space 1024K, 64% used [0x00000000d5c80000,0x00000000d5d243d8,0x00000000d5d80000)
  to   space 1024K, 0% used [0x00000000d5b80000,0x00000000d5b80000,0x00000000d5c80000)
 ParOldGen       total 379392K, used 379212K [0x0000000080000000, 0x0000000097280000, 0x00000000d5580000)
  object space 379392K, 99% used [0x0000000080000000,0x00000000972532b8,0x0000000097280000)
 Metaspace       used 61231K, committed 62656K, reserved 1114112K
  class space    used 6508K, committed 7168K, reserved 1048576K
}
Event: 22.798 GC heap before
{Heap before GC invocations=524 (full 4):
 PSYoungGen      total 7168K, used 6800K [0x00000000d5580000, 0x00000000d5d80000, 0x0000000100000000)
  eden space 6144K, 100% used [0x00000000d5580000,0x00000000d5b80000,0x00000000d5b80000)
  from space 1024K, 64% used [0x00000000d5c80000,0x00000000d5d243d8,0x00000000d5d80000)
  to   space 1024K, 0% used [0x00000000d5b80000,0x00000000d5b80000,0x00000000d5c80000)
 ParOldGen       total 379392K, used 379212K [0x0000000080000000, 0x0000000097280000, 0x00000000d5580000)
  object space 379392K, 99% used [0x0000000080000000,0x00000000972532b8,0x0000000097280000)
 Metaspace       used 61231K, committed 62656K, reserved 1114112K
  class space    used 6508K, committed 7168K, reserved 1048576K
}
Event: 22.799 GC heap after
{Heap after GC invocations=524 (full 4):
 PSYoungGen      total 7168K, used 1018K [0x00000000d5580000, 0x00000000d5e80000, 0x0000000100000000)
  eden space 6144K, 0% used [0x00000000d5580000,0x00000000d5580000,0x00000000d5b80000)
  from space 1024K, 99% used [0x00000000d5b80000,0x00000000d5c7eb50,0x00000000d5c80000)
  to   space 1536K, 0% used [0x00000000d5d00000,0x00000000d5d00000,0x00000000d5e80000)
 ParOldGen       total 379904K, used 379674K [0x0000000080000000, 0x0000000097300000, 0x00000000d5580000)
  object space 379904K, 99% used [0x0000000080000000,0x00000000972c6ac0,0x0000000097300000)
 Metaspace       used 61231K, committed 62656K, reserved 1114112K
  class space    used 6508K, committed 7168K, reserved 1048576K
}
Event: 22.808 GC heap before
{Heap before GC invocations=525 (full 4):
 PSYoungGen      total 7168K, used 7162K [0x00000000d5580000, 0x00000000d5e80000, 0x0000000100000000)
  eden space 6144K, 100% used [0x00000000d5580000,0x00000000d5b80000,0x00000000d5b80000)
  from space 1024K, 99% used [0x00000000d5b80000,0x00000000d5c7eb50,0x00000000d5c80000)
  to   space 1536K, 0% used [0x00000000d5d00000,0x00000000d5d00000,0x00000000d5e80000)
 ParOldGen       total 379904K, used 379674K [0x0000000080000000, 0x0000000097300000, 0x00000000d5580000)
  object space 379904K, 99% used [0x0000000080000000,0x00000000972c6ac0,0x0000000097300000)
 Metaspace       used 61231K, committed 62656K, reserved 1114112K
  class space    used 6508K, committed 7168K, reserved 1048576K
}
Event: 22.809 GC heap after
{Heap after GC invocations=525 (full 4):
 PSYoungGen      total 7168K, used 957K [0x00000000d5580000, 0x00000000d5e00000, 0x0000000100000000)
  eden space 6144K, 0% used [0x00000000d5580000,0x00000000d5580000,0x00000000d5b80000)
  from space 1024K, 93% used [0x00000000d5d00000,0x00000000d5def4f8,0x00000000d5e00000)
  to   space 1024K, 0% used [0x00000000d5b80000,0x00000000d5b80000,0x00000000d5c80000)
 ParOldGen       total 380416K, used 380210K [0x0000000080000000, 0x0000000097380000, 0x00000000d5580000)
  object space 380416K, 99% used [0x0000000080000000,0x000000009734cac0,0x0000000097380000)
 Metaspace       used 61231K, committed 62656K, reserved 1114112K
  class space    used 6508K, committed 7168K, reserved 1048576K
}
Event: 22.815 GC heap before
{Heap before GC invocations=526 (full 4):
 PSYoungGen      total 7168K, used 7101K [0x00000000d5580000, 0x00000000d5e00000, 0x0000000100000000)
  eden space 6144K, 100% used [0x00000000d5580000,0x00000000d5b80000,0x00000000d5b80000)
  from space 1024K, 93% used [0x00000000d5d00000,0x00000000d5def4f8,0x00000000d5e00000)
  to   space 1024K, 0% used [0x00000000d5b80000,0x00000000d5b80000,0x00000000d5c80000)
 ParOldGen       total 380416K, used 380210K [0x0000000080000000, 0x0000000097380000, 0x00000000d5580000)
  object space 380416K, 99% used [0x0000000080000000,0x000000009734cac0,0x0000000097380000)
 Metaspace       used 61231K, committed 62656K, reserved 1114112K
  class space    used 6508K, committed 7168K, reserved 1048576K
}
Event: 22.816 GC heap after
{Heap after GC invocations=526 (full 4):
 PSYoungGen      total 7168K, used 512K [0x00000000d5580000, 0x00000000d5e80000, 0x0000000100000000)
  eden space 6144K, 0% used [0x00000000d5580000,0x00000000d5580000,0x00000000d5b80000)
  from space 1024K, 50% used [0x00000000d5b80000,0x00000000d5c00000,0x00000000d5c80000)
  to   space 1024K, 0% used [0x00000000d5d80000,0x00000000d5d80000,0x00000000d5e80000)
 ParOldGen       total 381440K, used 381031K [0x0000000080000000, 0x0000000097480000, 0x00000000d5580000)
  object space 381440K, 99% used [0x0000000080000000,0x0000000097419fb8,0x0000000097480000)
 Metaspace       used 61231K, committed 62656K, reserved 1114112K
  class space    used 6508K, committed 7168K, reserved 1048576K
}
Event: 22.822 GC heap before
{Heap before GC invocations=527 (full 4):
 PSYoungGen      total 7168K, used 6656K [0x00000000d5580000, 0x00000000d5e80000, 0x0000000100000000)
  eden space 6144K, 100% used [0x00000000d5580000,0x00000000d5b80000,0x00000000d5b80000)
  from space 1024K, 50% used [0x00000000d5b80000,0x00000000d5c00000,0x00000000d5c80000)
  to   space 1024K, 0% used [0x00000000d5d80000,0x00000000d5d80000,0x00000000d5e80000)
 ParOldGen       total 381440K, used 381031K [0x0000000080000000, 0x0000000097480000, 0x00000000d5580000)
  object space 381440K, 99% used [0x0000000080000000,0x0000000097419fb8,0x0000000097480000)
 Metaspace       used 61231K, committed 62656K, reserved 1114112K
  class space    used 6508K, committed 7168K, reserved 1048576K
}
Event: 22.823 GC heap after
{Heap after GC invocations=527 (full 4):
 PSYoungGen      total 7680K, used 416K [0x00000000d5580000, 0x00000000d5e00000, 0x0000000100000000)
  eden space 7168K, 0% used [0x00000000d5580000,0x00000000d5580000,0x00000000d5c80000)
  from space 512K, 81% used [0x00000000d5d80000,0x00000000d5de8000,0x00000000d5e00000)
  to   space 512K, 0% used [0x00000000d5d00000,0x00000000d5d00000,0x00000000d5d80000)
 ParOldGen       total 381440K, used 381399K [0x0000000080000000, 0x0000000097480000, 0x00000000d5580000)
  object space 381440K, 99% used [0x0000000080000000,0x0000000097475fb8,0x0000000097480000)
 Metaspace       used 61231K, committed 62656K, reserved 1114112K
  class space    used 6508K, committed 7168K, reserved 1048576K
}
Event: 22.832 GC heap before
{Heap before GC invocations=528 (full 4):
 PSYoungGen      total 7680K, used 7584K [0x00000000d5580000, 0x00000000d5e00000, 0x0000000100000000)
  eden space 7168K, 100% used [0x00000000d5580000,0x00000000d5c80000,0x00000000d5c80000)
  from space 512K, 81% used [0x00000000d5d80000,0x00000000d5de8000,0x00000000d5e00000)
  to   space 512K, 0% used [0x00000000d5d00000,0x00000000d5d00000,0x00000000d5d80000)
 ParOldGen       total 381440K, used 381399K [0x0000000080000000, 0x0000000097480000, 0x00000000d5580000)
  object space 381440K, 99% used [0x0000000080000000,0x0000000097475fb8,0x0000000097480000)
 Metaspace       used 61231K, committed 62656K, reserved 1114112K
  class space    used 6508K, committed 7168K, reserved 1048576K
}
Event: 22.834 GC heap after
{Heap after GC invocations=528 (full 4):
 PSYoungGen      total 7680K, used 492K [0x00000000d5580000, 0x00000000d5e00000, 0x0000000100000000)
  eden space 7168K, 0% used [0x00000000d5580000,0x00000000d5580000,0x00000000d5c80000)
  from space 512K, 96% used [0x00000000d5d00000,0x00000000d5d7b008,0x00000000d5d80000)
  to   space 512K, 0% used [0x00000000d5d80000,0x00000000d5d80000,0x00000000d5e00000)
 ParOldGen       total 381952K, used 381951K [0x0000000080000000, 0x0000000097500000, 0x00000000d5580000)
  object space 381952K, 99% used [0x0000000080000000,0x00000000974fffb8,0x0000000097500000)
 Metaspace       used 61231K, committed 62656K, reserved 1114112K
  class space    used 6508K, committed 7168K, reserved 1048576K
}
Event: 22.847 GC heap before
{Heap before GC invocations=529 (full 4):
 PSYoungGen      total 7680K, used 7660K [0x00000000d5580000, 0x00000000d5e00000, 0x0000000100000000)
  eden space 7168K, 100% used [0x00000000d5580000,0x00000000d5c80000,0x00000000d5c80000)
  from space 512K, 96% used [0x00000000d5d00000,0x00000000d5d7b008,0x00000000d5d80000)
  to   space 512K, 0% used [0x00000000d5d80000,0x00000000d5d80000,0x00000000d5e00000)
 ParOldGen       total 381952K, used 381951K [0x0000000080000000, 0x0000000097500000, 0x00000000d5580000)
  object space 381952K, 99% used [0x0000000080000000,0x00000000974fffb8,0x0000000097500000)
 Metaspace       used 61231K, committed 62656K, reserved 1114112K
  class space    used 6508K, committed 7168K, reserved 1048576K
}
Event: 22.851 GC heap after
{Heap after GC invocations=529 (full 4):
 PSYoungGen      total 7680K, used 512K [0x00000000d5580000, 0x00000000d5e00000, 0x0000000100000000)
  eden space 7168K, 0% used [0x00000000d5580000,0x00000000d5580000,0x00000000d5c80000)
  from space 512K, 100% used [0x00000000d5d80000,0x00000000d5e00000,0x00000000d5e00000)
  to   space 512K, 0% used [0x00000000d5d00000,0x00000000d5d00000,0x00000000d5d80000)
 ParOldGen       total 382976K, used 382635K [0x0000000080000000, 0x0000000097600000, 0x00000000d5580000)
  object space 382976K, 99% used [0x0000000080000000,0x00000000975aafc0,0x0000000097600000)
 Metaspace       used 61231K, committed 62656K, reserved 1114112K
  class space    used 6508K, committed 7168K, reserved 1048576K
}

